<?xml version="1.0" encoding="UTF-8"?>
<testng-results ignored="0" total="15" passed="7" failed="8" skipped="0">
  <reporter-output>
  </reporter-output>
  <suite started-at="2024-04-07T20:40:53 ICT" name="Default suite" finished-at="2024-04-07T20:43:34 ICT" duration-ms="161035">
    <groups>
    </groups>
    <test started-at="2024-04-07T20:40:53 ICT" name="Default test" finished-at="2024-04-07T20:43:34 ICT" duration-ms="161035">
      <class name="com.poly.test.CheckPasswordTest">
        <test-method is-config="true" signature="openQuenMK()[pri:0, instance:com.poly.test.CheckPasswordTest@4c1909a3]" started-at="2024-04-07T20:40:53 ICT" name="openQuenMK" finished-at="2024-04-07T20:40:54 ICT" duration-ms="1019" status="PASS">
          <reporter-output>
          </reporter-output>
        </test-method> <!-- openQuenMK -->
        <test-method signature="TC_QLTS_QUENMATKHAU_1()[pri:1, instance:com.poly.test.CheckPasswordTest@4c1909a3]" started-at="2024-04-07T20:40:54 ICT" name="TC_QLTS_QUENMATKHAU_1" finished-at="2024-04-07T20:40:57 ICT" duration-ms="3323" status="PASS">
          <reporter-output>
          </reporter-output>
        </test-method> <!-- TC_QLTS_QUENMATKHAU_1 -->
        <test-method is-config="true" signature="closeQuenMK()[pri:0, instance:com.poly.test.CheckPasswordTest@4c1909a3]" started-at="2024-04-07T20:40:57 ICT" name="closeQuenMK" finished-at="2024-04-07T20:41:02 ICT" duration-ms="5010" status="PASS">
          <reporter-output>
          </reporter-output>
        </test-method> <!-- closeQuenMK -->
        <test-method is-config="true" signature="openQuenMK()[pri:0, instance:com.poly.test.CheckPasswordTest@4c1909a3]" started-at="2024-04-07T20:41:02 ICT" name="openQuenMK" finished-at="2024-04-07T20:41:03 ICT" duration-ms="1011" status="PASS">
          <reporter-output>
          </reporter-output>
        </test-method> <!-- openQuenMK -->
        <test-method signature="TC_QLTS_QUENMATKHAU_13()[pri:1, instance:com.poly.test.CheckPasswordTest@4c1909a3]" started-at="2024-04-07T20:41:03 ICT" name="TC_QLTS_QUENMATKHAU_13" finished-at="2024-04-07T20:41:06 ICT" duration-ms="2571" status="FAIL">
          <exception class="java.lang.NullPointerException">
            <message>
              <![CDATA[Cannot invoke "Object.toString()" because "this.quenMatKhau.lblMessage" is null]]>
            </message>
            <full-stacktrace>
              <![CDATA[java.lang.NullPointerException: Cannot invoke "Object.toString()" because "this.quenMatKhau.lblMessage" is null
at com.poly.test.CheckPasswordTest.TC_QLTS_QUENMATKHAU_13(CheckPasswordTest.java:285)
at java.base/jdk.internal.reflect.DirectMethodHandleAccessor.invoke(DirectMethodHandleAccessor.java:104)
at java.base/java.lang.reflect.Method.invoke(Method.java:578)
at org.testng.internal.MethodInvocationHelper.invokeMethod(MethodInvocationHelper.java:133)
at org.testng.internal.TestInvoker.invokeMethod(TestInvoker.java:598)
at org.testng.internal.TestInvoker.invokeTestMethod(TestInvoker.java:173)
at org.testng.internal.MethodRunner.runInSequence(MethodRunner.java:46)
at org.testng.internal.TestInvoker$MethodInvocationAgent.invoke(TestInvoker.java:824)
at org.testng.internal.TestInvoker.invokeTestMethods(TestInvoker.java:146)
at org.testng.internal.TestMethodWorker.invokeTestMethods(TestMethodWorker.java:146)
at org.testng.internal.TestMethodWorker.run(TestMethodWorker.java:128)
at java.base/java.util.ArrayList.forEach(ArrayList.java:1511)
at org.testng.TestRunner.privateRun(TestRunner.java:794)
at org.testng.TestRunner.run(TestRunner.java:596)
at org.testng.SuiteRunner.runTest(SuiteRunner.java:377)
at org.testng.SuiteRunner.runSequentially(SuiteRunner.java:371)
at org.testng.SuiteRunner.privateRun(SuiteRunner.java:332)
at org.testng.SuiteRunner.run(SuiteRunner.java:276)
at org.testng.SuiteRunnerWorker.runSuite(SuiteRunnerWorker.java:53)
at org.testng.SuiteRunnerWorker.run(SuiteRunnerWorker.java:96)
at org.testng.TestNG.runSuitesSequentially(TestNG.java:1212)
at org.testng.TestNG.runSuitesLocally(TestNG.java:1134)
at org.testng.TestNG.runSuites(TestNG.java:1063)
at org.testng.TestNG.run(TestNG.java:1031)
at org.testng.remote.AbstractRemoteTestNG.run(AbstractRemoteTestNG.java:115)
at org.testng.remote.RemoteTestNG.initAndRun(RemoteTestNG.java:251)
at org.testng.remote.RemoteTestNG.main(RemoteTestNG.java:77)
]]>
            </full-stacktrace>
          </exception> <!-- java.lang.NullPointerException -->
          <reporter-output>
          </reporter-output>
        </test-method> <!-- TC_QLTS_QUENMATKHAU_13 -->
        <test-method is-config="true" signature="closeQuenMK()[pri:0, instance:com.poly.test.CheckPasswordTest@4c1909a3]" started-at="2024-04-07T20:41:06 ICT" name="closeQuenMK" finished-at="2024-04-07T20:41:11 ICT" duration-ms="5011" status="PASS">
          <reporter-output>
          </reporter-output>
        </test-method> <!-- closeQuenMK -->
        <test-method is-config="true" signature="openQuenMK()[pri:0, instance:com.poly.test.CheckPasswordTest@4c1909a3]" started-at="2024-04-07T20:41:11 ICT" name="openQuenMK" finished-at="2024-04-07T20:41:12 ICT" duration-ms="1014" status="PASS">
          <reporter-output>
          </reporter-output>
        </test-method> <!-- openQuenMK -->
        <test-method signature="TC_QLTS_QUENMATKHAU_14()[pri:1, instance:com.poly.test.CheckPasswordTest@4c1909a3]" started-at="2024-04-07T20:41:12 ICT" name="TC_QLTS_QUENMATKHAU_14" finished-at="2024-04-07T20:41:12 ICT" duration-ms="4" status="FAIL">
          <exception class="java.lang.NullPointerException">
            <message>
              <![CDATA[Cannot invoke "com.raven.suportSwing.MyButton.isEnabled()" because "this.btnReset" is null]]>
            </message>
            <full-stacktrace>
              <![CDATA[java.lang.NullPointerException: Cannot invoke "com.raven.suportSwing.MyButton.isEnabled()" because "this.btnReset" is null
at com.poly.test.CheckPasswordTest.TC_QLTS_QUENMATKHAU_14(CheckPasswordTest.java:299)
at java.base/jdk.internal.reflect.DirectMethodHandleAccessor.invoke(DirectMethodHandleAccessor.java:104)
at java.base/java.lang.reflect.Method.invoke(Method.java:578)
at org.testng.internal.MethodInvocationHelper.invokeMethod(MethodInvocationHelper.java:133)
at org.testng.internal.TestInvoker.invokeMethod(TestInvoker.java:598)
at org.testng.internal.TestInvoker.invokeTestMethod(TestInvoker.java:173)
at org.testng.internal.MethodRunner.runInSequence(MethodRunner.java:46)
at org.testng.internal.TestInvoker$MethodInvocationAgent.invoke(TestInvoker.java:824)
at org.testng.internal.TestInvoker.invokeTestMethods(TestInvoker.java:146)
at org.testng.internal.TestMethodWorker.invokeTestMethods(TestMethodWorker.java:146)
at org.testng.internal.TestMethodWorker.run(TestMethodWorker.java:128)
at java.base/java.util.ArrayList.forEach(ArrayList.java:1511)
at org.testng.TestRunner.privateRun(TestRunner.java:794)
at org.testng.TestRunner.run(TestRunner.java:596)
at org.testng.SuiteRunner.runTest(SuiteRunner.java:377)
at org.testng.SuiteRunner.runSequentially(SuiteRunner.java:371)
at org.testng.SuiteRunner.privateRun(SuiteRunner.java:332)
at org.testng.SuiteRunner.run(SuiteRunner.java:276)
at org.testng.SuiteRunnerWorker.runSuite(SuiteRunnerWorker.java:53)
at org.testng.SuiteRunnerWorker.run(SuiteRunnerWorker.java:96)
at org.testng.TestNG.runSuitesSequentially(TestNG.java:1212)
at org.testng.TestNG.runSuitesLocally(TestNG.java:1134)
at org.testng.TestNG.runSuites(TestNG.java:1063)
at org.testng.TestNG.run(TestNG.java:1031)
at org.testng.remote.AbstractRemoteTestNG.run(AbstractRemoteTestNG.java:115)
at org.testng.remote.RemoteTestNG.initAndRun(RemoteTestNG.java:251)
at org.testng.remote.RemoteTestNG.main(RemoteTestNG.java:77)
]]>
            </full-stacktrace>
          </exception> <!-- java.lang.NullPointerException -->
          <reporter-output>
          </reporter-output>
        </test-method> <!-- TC_QLTS_QUENMATKHAU_14 -->
        <test-method is-config="true" signature="closeQuenMK()[pri:0, instance:com.poly.test.CheckPasswordTest@4c1909a3]" started-at="2024-04-07T20:41:12 ICT" name="closeQuenMK" finished-at="2024-04-07T20:41:17 ICT" duration-ms="5021" status="PASS">
          <reporter-output>
          </reporter-output>
        </test-method> <!-- closeQuenMK -->
        <test-method is-config="true" signature="openQuenMK()[pri:0, instance:com.poly.test.CheckPasswordTest@4c1909a3]" started-at="2024-04-07T20:41:17 ICT" name="openQuenMK" finished-at="2024-04-07T20:41:18 ICT" duration-ms="1014" status="PASS">
          <reporter-output>
          </reporter-output>
        </test-method> <!-- openQuenMK -->
        <test-method signature="TC_QLTS_QUENMATKHAU_15()[pri:1, instance:com.poly.test.CheckPasswordTest@4c1909a3]" started-at="2024-04-07T20:41:18 ICT" name="TC_QLTS_QUENMATKHAU_15" finished-at="2024-04-07T20:41:18 ICT" duration-ms="2" status="FAIL">
          <exception class="java.lang.NullPointerException">
            <message>
              <![CDATA[Cannot invoke "com.raven.suportSwing.MyButton.isEnabled()" because "this.btnReset" is null]]>
            </message>
            <full-stacktrace>
              <![CDATA[java.lang.NullPointerException: Cannot invoke "com.raven.suportSwing.MyButton.isEnabled()" because "this.btnReset" is null
at com.poly.test.CheckPasswordTest.TC_QLTS_QUENMATKHAU_15(CheckPasswordTest.java:318)
at java.base/jdk.internal.reflect.DirectMethodHandleAccessor.invoke(DirectMethodHandleAccessor.java:104)
at java.base/java.lang.reflect.Method.invoke(Method.java:578)
at org.testng.internal.MethodInvocationHelper.invokeMethod(MethodInvocationHelper.java:133)
at org.testng.internal.TestInvoker.invokeMethod(TestInvoker.java:598)
at org.testng.internal.TestInvoker.invokeTestMethod(TestInvoker.java:173)
at org.testng.internal.MethodRunner.runInSequence(MethodRunner.java:46)
at org.testng.internal.TestInvoker$MethodInvocationAgent.invoke(TestInvoker.java:824)
at org.testng.internal.TestInvoker.invokeTestMethods(TestInvoker.java:146)
at org.testng.internal.TestMethodWorker.invokeTestMethods(TestMethodWorker.java:146)
at org.testng.internal.TestMethodWorker.run(TestMethodWorker.java:128)
at java.base/java.util.ArrayList.forEach(ArrayList.java:1511)
at org.testng.TestRunner.privateRun(TestRunner.java:794)
at org.testng.TestRunner.run(TestRunner.java:596)
at org.testng.SuiteRunner.runTest(SuiteRunner.java:377)
at org.testng.SuiteRunner.runSequentially(SuiteRunner.java:371)
at org.testng.SuiteRunner.privateRun(SuiteRunner.java:332)
at org.testng.SuiteRunner.run(SuiteRunner.java:276)
at org.testng.SuiteRunnerWorker.runSuite(SuiteRunnerWorker.java:53)
at org.testng.SuiteRunnerWorker.run(SuiteRunnerWorker.java:96)
at org.testng.TestNG.runSuitesSequentially(TestNG.java:1212)
at org.testng.TestNG.runSuitesLocally(TestNG.java:1134)
at org.testng.TestNG.runSuites(TestNG.java:1063)
at org.testng.TestNG.run(TestNG.java:1031)
at org.testng.remote.AbstractRemoteTestNG.run(AbstractRemoteTestNG.java:115)
at org.testng.remote.RemoteTestNG.initAndRun(RemoteTestNG.java:251)
at org.testng.remote.RemoteTestNG.main(RemoteTestNG.java:77)
]]>
            </full-stacktrace>
          </exception> <!-- java.lang.NullPointerException -->
          <reporter-output>
          </reporter-output>
        </test-method> <!-- TC_QLTS_QUENMATKHAU_15 -->
        <test-method is-config="true" signature="closeQuenMK()[pri:0, instance:com.poly.test.CheckPasswordTest@4c1909a3]" started-at="2024-04-07T20:41:18 ICT" name="closeQuenMK" finished-at="2024-04-07T20:41:23 ICT" duration-ms="5021" status="PASS">
          <reporter-output>
          </reporter-output>
        </test-method> <!-- closeQuenMK -->
        <test-method is-config="true" signature="openQuenMK()[pri:0, instance:com.poly.test.CheckPasswordTest@4c1909a3]" started-at="2024-04-07T20:41:23 ICT" name="openQuenMK" finished-at="2024-04-07T20:41:24 ICT" duration-ms="1006" status="PASS">
          <reporter-output>
          </reporter-output>
        </test-method> <!-- openQuenMK -->
        <test-method signature="TC_QLTS_QUENMATKHAU_16()[pri:1, instance:com.poly.test.CheckPasswordTest@4c1909a3]" started-at="2024-04-07T20:41:24 ICT" name="TC_QLTS_QUENMATKHAU_16" finished-at="2024-04-07T20:41:24 ICT" duration-ms="4" status="FAIL">
          <exception class="java.lang.NullPointerException">
            <message>
              <![CDATA[Cannot invoke "com.raven.suportSwing.MyButton.isEnabled()" because "this.btnReset" is null]]>
            </message>
            <full-stacktrace>
              <![CDATA[java.lang.NullPointerException: Cannot invoke "com.raven.suportSwing.MyButton.isEnabled()" because "this.btnReset" is null
at com.poly.test.CheckPasswordTest.TC_QLTS_QUENMATKHAU_16(CheckPasswordTest.java:333)
at java.base/jdk.internal.reflect.DirectMethodHandleAccessor.invoke(DirectMethodHandleAccessor.java:104)
at java.base/java.lang.reflect.Method.invoke(Method.java:578)
at org.testng.internal.MethodInvocationHelper.invokeMethod(MethodInvocationHelper.java:133)
at org.testng.internal.TestInvoker.invokeMethod(TestInvoker.java:598)
at org.testng.internal.TestInvoker.invokeTestMethod(TestInvoker.java:173)
at org.testng.internal.MethodRunner.runInSequence(MethodRunner.java:46)
at org.testng.internal.TestInvoker$MethodInvocationAgent.invoke(TestInvoker.java:824)
at org.testng.internal.TestInvoker.invokeTestMethods(TestInvoker.java:146)
at org.testng.internal.TestMethodWorker.invokeTestMethods(TestMethodWorker.java:146)
at org.testng.internal.TestMethodWorker.run(TestMethodWorker.java:128)
at java.base/java.util.ArrayList.forEach(ArrayList.java:1511)
at org.testng.TestRunner.privateRun(TestRunner.java:794)
at org.testng.TestRunner.run(TestRunner.java:596)
at org.testng.SuiteRunner.runTest(SuiteRunner.java:377)
at org.testng.SuiteRunner.runSequentially(SuiteRunner.java:371)
at org.testng.SuiteRunner.privateRun(SuiteRunner.java:332)
at org.testng.SuiteRunner.run(SuiteRunner.java:276)
at org.testng.SuiteRunnerWorker.runSuite(SuiteRunnerWorker.java:53)
at org.testng.SuiteRunnerWorker.run(SuiteRunnerWorker.java:96)
at org.testng.TestNG.runSuitesSequentially(TestNG.java:1212)
at org.testng.TestNG.runSuitesLocally(TestNG.java:1134)
at org.testng.TestNG.runSuites(TestNG.java:1063)
at org.testng.TestNG.run(TestNG.java:1031)
at org.testng.remote.AbstractRemoteTestNG.run(AbstractRemoteTestNG.java:115)
at org.testng.remote.RemoteTestNG.initAndRun(RemoteTestNG.java:251)
at org.testng.remote.RemoteTestNG.main(RemoteTestNG.java:77)
]]>
            </full-stacktrace>
          </exception> <!-- java.lang.NullPointerException -->
          <reporter-output>
          </reporter-output>
        </test-method> <!-- TC_QLTS_QUENMATKHAU_16 -->
        <test-method is-config="true" signature="closeQuenMK()[pri:0, instance:com.poly.test.CheckPasswordTest@4c1909a3]" started-at="2024-04-07T20:41:24 ICT" name="closeQuenMK" finished-at="2024-04-07T20:41:29 ICT" duration-ms="5024" status="PASS">
          <reporter-output>
          </reporter-output>
        </test-method> <!-- closeQuenMK -->
        <test-method is-config="true" signature="openQuenMK()[pri:0, instance:com.poly.test.CheckPasswordTest@4c1909a3]" started-at="2024-04-07T20:41:29 ICT" name="openQuenMK" finished-at="2024-04-07T20:41:30 ICT" duration-ms="1012" status="PASS">
          <reporter-output>
          </reporter-output>
        </test-method> <!-- openQuenMK -->
        <test-method signature="TC_QLTS_QUENMATKHAU_2()[pri:2, instance:com.poly.test.CheckPasswordTest@4c1909a3]" started-at="2024-04-07T20:41:30 ICT" name="TC_QLTS_QUENMATKHAU_2" finished-at="2024-04-07T20:41:30 ICT" duration-ms="70" status="PASS">
          <reporter-output>
          </reporter-output>
        </test-method> <!-- TC_QLTS_QUENMATKHAU_2 -->
        <test-method is-config="true" signature="closeQuenMK()[pri:0, instance:com.poly.test.CheckPasswordTest@4c1909a3]" started-at="2024-04-07T20:41:30 ICT" name="closeQuenMK" finished-at="2024-04-07T20:41:35 ICT" duration-ms="5018" status="PASS">
          <reporter-output>
          </reporter-output>
        </test-method> <!-- closeQuenMK -->
        <test-method is-config="true" signature="openQuenMK()[pri:0, instance:com.poly.test.CheckPasswordTest@4c1909a3]" started-at="2024-04-07T20:41:35 ICT" name="openQuenMK" finished-at="2024-04-07T20:41:36 ICT" duration-ms="1016" status="PASS">
          <reporter-output>
          </reporter-output>
        </test-method> <!-- openQuenMK -->
        <test-method signature="TC_QLTS_QUENMATKHAU_3()[pri:3, instance:com.poly.test.CheckPasswordTest@4c1909a3]" started-at="2024-04-07T20:41:36 ICT" name="TC_QLTS_QUENMATKHAU_3" finished-at="2024-04-07T20:41:36 ICT" duration-ms="70" status="PASS">
          <reporter-output>
          </reporter-output>
        </test-method> <!-- TC_QLTS_QUENMATKHAU_3 -->
        <test-method is-config="true" signature="closeQuenMK()[pri:0, instance:com.poly.test.CheckPasswordTest@4c1909a3]" started-at="2024-04-07T20:41:36 ICT" name="closeQuenMK" finished-at="2024-04-07T20:41:41 ICT" duration-ms="5017" status="PASS">
          <reporter-output>
          </reporter-output>
        </test-method> <!-- closeQuenMK -->
        <test-method is-config="true" signature="openQuenMK()[pri:0, instance:com.poly.test.CheckPasswordTest@4c1909a3]" started-at="2024-04-07T20:41:41 ICT" name="openQuenMK" finished-at="2024-04-07T20:41:42 ICT" duration-ms="1015" status="PASS">
          <reporter-output>
          </reporter-output>
        </test-method> <!-- openQuenMK -->
        <test-method signature="TC_QLTS_QUENMATKHAU_4()[pri:4, instance:com.poly.test.CheckPasswordTest@4c1909a3]" started-at="2024-04-07T20:41:42 ICT" name="TC_QLTS_QUENMATKHAU_4" finished-at="2024-04-07T20:41:42 ICT" duration-ms="70" status="PASS">
          <reporter-output>
          </reporter-output>
        </test-method> <!-- TC_QLTS_QUENMATKHAU_4 -->
        <test-method is-config="true" signature="closeQuenMK()[pri:0, instance:com.poly.test.CheckPasswordTest@4c1909a3]" started-at="2024-04-07T20:41:42 ICT" name="closeQuenMK" finished-at="2024-04-07T20:41:47 ICT" duration-ms="5018" status="PASS">
          <reporter-output>
          </reporter-output>
        </test-method> <!-- closeQuenMK -->
        <test-method is-config="true" signature="openQuenMK()[pri:0, instance:com.poly.test.CheckPasswordTest@4c1909a3]" started-at="2024-04-07T20:41:47 ICT" name="openQuenMK" finished-at="2024-04-07T20:41:48 ICT" duration-ms="1007" status="PASS">
          <reporter-output>
          </reporter-output>
        </test-method> <!-- openQuenMK -->
        <test-method signature="TC_QLTS_QUENMATKHAU_5()[pri:5, instance:com.poly.test.CheckPasswordTest@4c1909a3]" started-at="2024-04-07T20:41:48 ICT" name="TC_QLTS_QUENMATKHAU_5" finished-at="2024-04-07T20:41:48 ICT" duration-ms="71" status="PASS">
          <reporter-output>
          </reporter-output>
        </test-method> <!-- TC_QLTS_QUENMATKHAU_5 -->
        <test-method is-config="true" signature="closeQuenMK()[pri:0, instance:com.poly.test.CheckPasswordTest@4c1909a3]" started-at="2024-04-07T20:41:48 ICT" name="closeQuenMK" finished-at="2024-04-07T20:41:53 ICT" duration-ms="5005" status="PASS">
          <reporter-output>
          </reporter-output>
        </test-method> <!-- closeQuenMK -->
        <test-method is-config="true" signature="openQuenMK()[pri:0, instance:com.poly.test.CheckPasswordTest@4c1909a3]" started-at="2024-04-07T20:41:53 ICT" name="openQuenMK" finished-at="2024-04-07T20:41:55 ICT" duration-ms="1006" status="PASS">
          <reporter-output>
          </reporter-output>
        </test-method> <!-- openQuenMK -->
        <test-method signature="TC_QLTS_QUENMATKHAU_6()[pri:6, instance:com.poly.test.CheckPasswordTest@4c1909a3]" started-at="2024-04-07T20:41:55 ICT" name="TC_QLTS_QUENMATKHAU_6" finished-at="2024-04-07T20:41:55 ICT" duration-ms="71" status="PASS">
          <reporter-output>
          </reporter-output>
        </test-method> <!-- TC_QLTS_QUENMATKHAU_6 -->
        <test-method is-config="true" signature="closeQuenMK()[pri:0, instance:com.poly.test.CheckPasswordTest@4c1909a3]" started-at="2024-04-07T20:41:55 ICT" name="closeQuenMK" finished-at="2024-04-07T20:42:00 ICT" duration-ms="5019" status="PASS">
          <reporter-output>
          </reporter-output>
        </test-method> <!-- closeQuenMK -->
        <test-method is-config="true" signature="openQuenMK()[pri:0, instance:com.poly.test.CheckPasswordTest@4c1909a3]" started-at="2024-04-07T20:42:00 ICT" name="openQuenMK" finished-at="2024-04-07T20:42:01 ICT" duration-ms="1014" status="PASS">
          <reporter-output>
          </reporter-output>
        </test-method> <!-- openQuenMK -->
        <test-method signature="TC_QLTS_QUENMATKHAU_7_8()[pri:7, instance:com.poly.test.CheckPasswordTest@4c1909a3]" started-at="2024-04-07T20:42:01 ICT" name="TC_QLTS_QUENMATKHAU_7_8" finished-at="2024-04-07T20:42:01 ICT" duration-ms="70" status="FAIL">
          <exception class="java.lang.AssertionError">
            <message>
              <![CDATA[expected [true] but found [false]]]>
            </message>
            <full-stacktrace>
              <![CDATA[java.lang.AssertionError: expected [true] but found [false]
at org.testng.Assert.fail(Assert.java:99)
at org.testng.Assert.failNotEquals(Assert.java:1037)
at org.testng.Assert.assertTrue(Assert.java:45)
at org.testng.Assert.assertTrue(Assert.java:55)
at com.poly.test.CheckPasswordTest.TC_QLTS_QUENMATKHAU_7_8(CheckPasswordTest.java:186)
at java.base/jdk.internal.reflect.DirectMethodHandleAccessor.invoke(DirectMethodHandleAccessor.java:104)
at java.base/java.lang.reflect.Method.invoke(Method.java:578)
at org.testng.internal.MethodInvocationHelper.invokeMethod(MethodInvocationHelper.java:133)
at org.testng.internal.TestInvoker.invokeMethod(TestInvoker.java:598)
at org.testng.internal.TestInvoker.invokeTestMethod(TestInvoker.java:173)
at org.testng.internal.MethodRunner.runInSequence(MethodRunner.java:46)
at org.testng.internal.TestInvoker$MethodInvocationAgent.invoke(TestInvoker.java:824)
at org.testng.internal.TestInvoker.invokeTestMethods(TestInvoker.java:146)
at org.testng.internal.TestMethodWorker.invokeTestMethods(TestMethodWorker.java:146)
at org.testng.internal.TestMethodWorker.run(TestMethodWorker.java:128)
at java.base/java.util.ArrayList.forEach(ArrayList.java:1511)
at org.testng.TestRunner.privateRun(TestRunner.java:794)
at org.testng.TestRunner.run(TestRunner.java:596)
at org.testng.SuiteRunner.runTest(SuiteRunner.java:377)
at org.testng.SuiteRunner.runSequentially(SuiteRunner.java:371)
at org.testng.SuiteRunner.privateRun(SuiteRunner.java:332)
at org.testng.SuiteRunner.run(SuiteRunner.java:276)
at org.testng.SuiteRunnerWorker.runSuite(SuiteRunnerWorker.java:53)
at org.testng.SuiteRunnerWorker.run(SuiteRunnerWorker.java:96)
at org.testng.TestNG.runSuitesSequentially(TestNG.java:1212)
at org.testng.TestNG.runSuitesLocally(TestNG.java:1134)
at org.testng.TestNG.runSuites(TestNG.java:1063)
at org.testng.TestNG.run(TestNG.java:1031)
at org.testng.remote.AbstractRemoteTestNG.run(AbstractRemoteTestNG.java:115)
at org.testng.remote.RemoteTestNG.initAndRun(RemoteTestNG.java:251)
at org.testng.remote.RemoteTestNG.main(RemoteTestNG.java:77)
]]>
            </full-stacktrace>
          </exception> <!-- java.lang.AssertionError -->
          <reporter-output>
          </reporter-output>
        </test-method> <!-- TC_QLTS_QUENMATKHAU_7_8 -->
        <test-method is-config="true" signature="closeQuenMK()[pri:0, instance:com.poly.test.CheckPasswordTest@4c1909a3]" started-at="2024-04-07T20:42:01 ICT" name="closeQuenMK" finished-at="2024-04-07T20:42:06 ICT" duration-ms="5015" status="PASS">
          <reporter-output>
          </reporter-output>
        </test-method> <!-- closeQuenMK -->
        <test-method is-config="true" signature="openQuenMK()[pri:0, instance:com.poly.test.CheckPasswordTest@4c1909a3]" started-at="2024-04-07T20:42:06 ICT" name="openQuenMK" finished-at="2024-04-07T20:42:07 ICT" duration-ms="1013" status="PASS">
          <reporter-output>
          </reporter-output>
        </test-method> <!-- openQuenMK -->
        <test-method signature="TC_QLTS_QUENMATKHAU_9()[pri:8, instance:com.poly.test.CheckPasswordTest@4c1909a3]" started-at="2024-04-07T20:42:07 ICT" name="TC_QLTS_QUENMATKHAU_9" finished-at="2024-04-07T20:42:07 ICT" duration-ms="217" status="FAIL">
          <exception class="java.lang.AssertionError">
            <message>
              <![CDATA[expected [true] but found [false]]]>
            </message>
            <full-stacktrace>
              <![CDATA[java.lang.AssertionError: expected [true] but found [false]
at org.testng.Assert.fail(Assert.java:99)
at org.testng.Assert.failNotEquals(Assert.java:1037)
at org.testng.Assert.assertTrue(Assert.java:45)
at org.testng.Assert.assertTrue(Assert.java:55)
at com.poly.test.CheckPasswordTest.TC_QLTS_QUENMATKHAU_9(CheckPasswordTest.java:202)
at java.base/jdk.internal.reflect.DirectMethodHandleAccessor.invoke(DirectMethodHandleAccessor.java:104)
at java.base/java.lang.reflect.Method.invoke(Method.java:578)
at org.testng.internal.MethodInvocationHelper.invokeMethod(MethodInvocationHelper.java:133)
at org.testng.internal.TestInvoker.invokeMethod(TestInvoker.java:598)
at org.testng.internal.TestInvoker.invokeTestMethod(TestInvoker.java:173)
at org.testng.internal.MethodRunner.runInSequence(MethodRunner.java:46)
at org.testng.internal.TestInvoker$MethodInvocationAgent.invoke(TestInvoker.java:824)
at org.testng.internal.TestInvoker.invokeTestMethods(TestInvoker.java:146)
at org.testng.internal.TestMethodWorker.invokeTestMethods(TestMethodWorker.java:146)
at org.testng.internal.TestMethodWorker.run(TestMethodWorker.java:128)
at java.base/java.util.ArrayList.forEach(ArrayList.java:1511)
at org.testng.TestRunner.privateRun(TestRunner.java:794)
at org.testng.TestRunner.run(TestRunner.java:596)
at org.testng.SuiteRunner.runTest(SuiteRunner.java:377)
at org.testng.SuiteRunner.runSequentially(SuiteRunner.java:371)
at org.testng.SuiteRunner.privateRun(SuiteRunner.java:332)
at org.testng.SuiteRunner.run(SuiteRunner.java:276)
at org.testng.SuiteRunnerWorker.runSuite(SuiteRunnerWorker.java:53)
at org.testng.SuiteRunnerWorker.run(SuiteRunnerWorker.java:96)
at org.testng.TestNG.runSuitesSequentially(TestNG.java:1212)
at org.testng.TestNG.runSuitesLocally(TestNG.java:1134)
at org.testng.TestNG.runSuites(TestNG.java:1063)
at org.testng.TestNG.run(TestNG.java:1031)
at org.testng.remote.AbstractRemoteTestNG.run(AbstractRemoteTestNG.java:115)
at org.testng.remote.RemoteTestNG.initAndRun(RemoteTestNG.java:251)
at org.testng.remote.RemoteTestNG.main(RemoteTestNG.java:77)
]]>
            </full-stacktrace>
          </exception> <!-- java.lang.AssertionError -->
          <reporter-output>
          </reporter-output>
        </test-method> <!-- TC_QLTS_QUENMATKHAU_9 -->
        <test-method is-config="true" signature="closeQuenMK()[pri:0, instance:com.poly.test.CheckPasswordTest@4c1909a3]" started-at="2024-04-07T20:42:07 ICT" name="closeQuenMK" finished-at="2024-04-07T20:42:12 ICT" duration-ms="5022" status="PASS">
          <reporter-output>
          </reporter-output>
        </test-method> <!-- closeQuenMK -->
        <test-method is-config="true" signature="openQuenMK()[pri:0, instance:com.poly.test.CheckPasswordTest@4c1909a3]" started-at="2024-04-07T20:42:12 ICT" name="openQuenMK" finished-at="2024-04-07T20:42:13 ICT" duration-ms="1013" status="PASS">
          <reporter-output>
          </reporter-output>
        </test-method> <!-- openQuenMK -->
        <test-method signature="TC_QLTS_QUENMATKHAU_10()[pri:9, instance:com.poly.test.CheckPasswordTest@4c1909a3]" started-at="2024-04-07T20:42:13 ICT" name="TC_QLTS_QUENMATKHAU_10" finished-at="2024-04-07T20:42:13 ICT" duration-ms="73" status="PASS">
          <reporter-output>
          </reporter-output>
        </test-method> <!-- TC_QLTS_QUENMATKHAU_10 -->
        <test-method is-config="true" signature="closeQuenMK()[pri:0, instance:com.poly.test.CheckPasswordTest@4c1909a3]" started-at="2024-04-07T20:42:13 ICT" name="closeQuenMK" finished-at="2024-04-07T20:42:18 ICT" duration-ms="5021" status="PASS">
          <reporter-output>
          </reporter-output>
        </test-method> <!-- closeQuenMK -->
        <test-method is-config="true" signature="openQuenMK()[pri:0, instance:com.poly.test.CheckPasswordTest@4c1909a3]" started-at="2024-04-07T20:42:18 ICT" name="openQuenMK" finished-at="2024-04-07T20:42:19 ICT" duration-ms="1014" status="PASS">
          <reporter-output>
          </reporter-output>
        </test-method> <!-- openQuenMK -->
        <test-method signature="TC_QLTS_QUENMATKHAU_11()[pri:10, instance:com.poly.test.CheckPasswordTest@4c1909a3]" started-at="2024-04-07T20:42:19 ICT" name="TC_QLTS_QUENMATKHAU_11" finished-at="2024-04-07T20:42:22 ICT" duration-ms="2924" status="FAIL">
          <exception class="java.lang.NumberFormatException">
            <message>
              <![CDATA[For input string: "wrong_code"]]>
            </message>
            <full-stacktrace>
              <![CDATA[java.lang.NumberFormatException: For input string: "wrong_code"
at java.base/java.lang.NumberFormatException.forInputString(NumberFormatException.java:67)
at java.base/java.lang.Integer.parseInt(Integer.java:665)
at java.base/java.lang.Integer.parseInt(Integer.java:781)
at com.QiFeng_Milktea.main.QuenMatKhau.btnVerifyActionPerformed(QuenMatKhau.java:423)
at com.QiFeng_Milktea.main.QuenMatKhau$11.actionPerformed(QuenMatKhau.java:222)
at java.desktop/javax.swing.AbstractButton.fireActionPerformed(AbstractButton.java:1972)
at java.desktop/javax.swing.AbstractButton$Handler.actionPerformed(AbstractButton.java:2314)
at java.desktop/javax.swing.DefaultButtonModel.fireActionPerformed(DefaultButtonModel.java:407)
at java.desktop/javax.swing.DefaultButtonModel.setPressed(DefaultButtonModel.java:262)
at java.desktop/javax.swing.AbstractButton.doClick(AbstractButton.java:374)
at java.desktop/javax.swing.AbstractButton.doClick(AbstractButton.java:354)
at com.poly.test.CheckPasswordTest.TC_QLTS_QUENMATKHAU_11(CheckPasswordTest.java:243)
at java.base/jdk.internal.reflect.DirectMethodHandleAccessor.invoke(DirectMethodHandleAccessor.java:104)
at java.base/java.lang.reflect.Method.invoke(Method.java:578)
at org.testng.internal.MethodInvocationHelper.invokeMethod(MethodInvocationHelper.java:133)
at org.testng.internal.TestInvoker.invokeMethod(TestInvoker.java:598)
at org.testng.internal.TestInvoker.invokeTestMethod(TestInvoker.java:173)
at org.testng.internal.MethodRunner.runInSequence(MethodRunner.java:46)
at org.testng.internal.TestInvoker$MethodInvocationAgent.invoke(TestInvoker.java:824)
at org.testng.internal.TestInvoker.invokeTestMethods(TestInvoker.java:146)
at org.testng.internal.TestMethodWorker.invokeTestMethods(TestMethodWorker.java:146)
at org.testng.internal.TestMethodWorker.run(TestMethodWorker.java:128)
at java.base/java.util.ArrayList.forEach(ArrayList.java:1511)
at org.testng.TestRunner.privateRun(TestRunner.java:794)
at org.testng.TestRunner.run(TestRunner.java:596)
at org.testng.SuiteRunner.runTest(SuiteRunner.java:377)
at org.testng.SuiteRunner.runSequentially(SuiteRunner.java:371)
at org.testng.SuiteRunner.privateRun(SuiteRunner.java:332)
at org.testng.SuiteRunner.run(SuiteRunner.java:276)
at org.testng.SuiteRunnerWorker.runSuite(SuiteRunnerWorker.java:53)
at org.testng.SuiteRunnerWorker.run(SuiteRunnerWorker.java:96)
at org.testng.TestNG.runSuitesSequentially(TestNG.java:1212)
at org.testng.TestNG.runSuitesLocally(TestNG.java:1134)
at org.testng.TestNG.runSuites(TestNG.java:1063)
at org.testng.TestNG.run(TestNG.java:1031)
at org.testng.remote.AbstractRemoteTestNG.run(AbstractRemoteTestNG.java:115)
at org.testng.remote.RemoteTestNG.initAndRun(RemoteTestNG.java:251)
at org.testng.remote.RemoteTestNG.main(RemoteTestNG.java:77)
]]>
            </full-stacktrace>
          </exception> <!-- java.lang.NumberFormatException -->
          <reporter-output>
          </reporter-output>
        </test-method> <!-- TC_QLTS_QUENMATKHAU_11 -->
        <test-method is-config="true" signature="closeQuenMK()[pri:0, instance:com.poly.test.CheckPasswordTest@4c1909a3]" started-at="2024-04-07T20:42:22 ICT" name="closeQuenMK" finished-at="2024-04-07T20:42:27 ICT" duration-ms="5021" status="PASS">
          <reporter-output>
          </reporter-output>
        </test-method> <!-- closeQuenMK -->
        <test-method is-config="true" signature="openQuenMK()[pri:0, instance:com.poly.test.CheckPasswordTest@4c1909a3]" started-at="2024-04-07T20:42:27 ICT" name="openQuenMK" finished-at="2024-04-07T20:42:28 ICT" duration-ms="1013" status="PASS">
          <reporter-output>
          </reporter-output>
        </test-method> <!-- openQuenMK -->
        <test-method signature="TC_QLTS_QUENMATKHAU_12()[pri:11, instance:com.poly.test.CheckPasswordTest@4c1909a3]" started-at="2024-04-07T20:42:28 ICT" name="TC_QLTS_QUENMATKHAU_12" finished-at="2024-04-07T20:43:29 ICT" duration-ms="61015" status="FAIL">
          <exception class="java.lang.AssertionError">
            <message>
              <![CDATA[expected [false] but found [true]]]>
            </message>
            <full-stacktrace>
              <![CDATA[java.lang.AssertionError: expected [false] but found [true]
at org.testng.Assert.fail(Assert.java:99)
at org.testng.Assert.failNotEquals(Assert.java:1037)
at org.testng.Assert.assertFalse(Assert.java:67)
at org.testng.Assert.assertFalse(Assert.java:77)
at com.poly.test.CheckPasswordTest.TC_QLTS_QUENMATKHAU_12(CheckPasswordTest.java:265)
at java.base/jdk.internal.reflect.DirectMethodHandleAccessor.invoke(DirectMethodHandleAccessor.java:104)
at java.base/java.lang.reflect.Method.invoke(Method.java:578)
at org.testng.internal.MethodInvocationHelper.invokeMethod(MethodInvocationHelper.java:133)
at org.testng.internal.TestInvoker.invokeMethod(TestInvoker.java:598)
at org.testng.internal.TestInvoker.invokeTestMethod(TestInvoker.java:173)
at org.testng.internal.MethodRunner.runInSequence(MethodRunner.java:46)
at org.testng.internal.TestInvoker$MethodInvocationAgent.invoke(TestInvoker.java:824)
at org.testng.internal.TestInvoker.invokeTestMethods(TestInvoker.java:146)
at org.testng.internal.TestMethodWorker.invokeTestMethods(TestMethodWorker.java:146)
at org.testng.internal.TestMethodWorker.run(TestMethodWorker.java:128)
at java.base/java.util.ArrayList.forEach(ArrayList.java:1511)
at org.testng.TestRunner.privateRun(TestRunner.java:794)
at org.testng.TestRunner.run(TestRunner.java:596)
at org.testng.SuiteRunner.runTest(SuiteRunner.java:377)
at org.testng.SuiteRunner.runSequentially(SuiteRunner.java:371)
at org.testng.SuiteRunner.privateRun(SuiteRunner.java:332)
at org.testng.SuiteRunner.run(SuiteRunner.java:276)
at org.testng.SuiteRunnerWorker.runSuite(SuiteRunnerWorker.java:53)
at org.testng.SuiteRunnerWorker.run(SuiteRunnerWorker.java:96)
at org.testng.TestNG.runSuitesSequentially(TestNG.java:1212)
at org.testng.TestNG.runSuitesLocally(TestNG.java:1134)
at org.testng.TestNG.runSuites(TestNG.java:1063)
at org.testng.TestNG.run(TestNG.java:1031)
at org.testng.remote.AbstractRemoteTestNG.run(AbstractRemoteTestNG.java:115)
at org.testng.remote.RemoteTestNG.initAndRun(RemoteTestNG.java:251)
at org.testng.remote.RemoteTestNG.main(RemoteTestNG.java:77)
]]>
            </full-stacktrace>
          </exception> <!-- java.lang.AssertionError -->
          <reporter-output>
          </reporter-output>
        </test-method> <!-- TC_QLTS_QUENMATKHAU_12 -->
        <test-method is-config="true" signature="closeQuenMK()[pri:0, instance:com.poly.test.CheckPasswordTest@4c1909a3]" started-at="2024-04-07T20:43:29 ICT" name="closeQuenMK" finished-at="2024-04-07T20:43:34 ICT" duration-ms="5008" status="PASS">
          <reporter-output>
          </reporter-output>
        </test-method> <!-- closeQuenMK -->
      </class> <!-- com.poly.test.CheckPasswordTest -->
    </test> <!-- Default test -->
  </suite> <!-- Default suite -->
</testng-results>
